<?xml version="1.0" encoding="UTF-8"?>
<!-- Generated by org.testng.reporters.JUnitReportReporter -->
<testsuite name="org.testngg.DProvider" tests="2" time="0.082" ignored="0" failures="0" timestamp="05 Jan 2023 17:20:29 GMT" skipped="0" hostname="Ajith" errors="0">
  <testcase name="DP" time="0.011" classname="org.testngg.DProvider"/>
  <testcase name="DP" time="0.071" classname="org.testngg.DProvider"/>
</testsuite> <!-- org.testngg.DProvider -->
