<?xml version="1.0" encoding="UTF-8"?>
<!-- Generated by org.testng.reporters.JUnitReportReporter -->
<testsuite name="org.testngg.FinalClass" tests="1" time="46.603" ignored="0" failures="0" timestamp="05 Jan 2023 18:06:49 GMT" skipped="0" hostname="Ajith" errors="0">
  <testcase name="aj" time="46.603" classname="org.testngg.FinalClass"/>
</testsuite> <!-- org.testngg.FinalClass -->
