<?xml version="1.0" encoding="UTF-8"?>
<!-- Generated by org.testng.reporters.JUnitReportReporter -->
<testsuite name="org.testngg.FetchDataXML" tests="1" time="0.067" ignored="0" failures="0" timestamp="04 Jan 2023 18:18:47 GMT" skipped="0" hostname="Ajith" errors="0">
  <testcase name="aj" time="0.067" classname="org.testngg.FetchDataXML"/>
</testsuite> <!-- org.testngg.FetchDataXML -->
