<?xml version="1.0" encoding="UTF-8"?>
<!-- Generated by org.testng.reporters.JUnitReportReporter -->
<testsuite name="org.testngg.TestCases" tests="13" time="0.170" ignored="0" failures="0" timestamp="04 Jan 2023 17:57:46 GMT" skipped="0" hostname="Ajith" errors="0">
  <testcase name="test2" time="0.019" classname="org.testngg.TestCases"/>
  <testcase name="test2" time="0.004" classname="org.testngg.TestCases"/>
  <testcase name="aji" time="0.008" classname="org.testngg.TestCases"/>
  <testcase name="test2" time="0.006" classname="org.testngg.TestCases"/>
  <testcase name="test2" time="0.008" classname="org.testngg.TestCases"/>
  <testcase name="test2" time="0.009" classname="org.testngg.TestCases"/>
  <testcase name="test2" time="0.005" classname="org.testngg.TestCases"/>
  <testcase name="test2" time="0.008" classname="org.testngg.TestCases"/>
  <testcase name="test2" time="0.005" classname="org.testngg.TestCases"/>
  <testcase name="test2" time="0.011" classname="org.testngg.TestCases"/>
  <testcase name="test1" time="0.073" classname="org.testngg.TestCases"/>
  <testcase name="test3" time="0.004" classname="org.testngg.TestCases"/>
  <testcase name="test2" time="0.010" classname="org.testngg.TestCases"/>
</testsuite> <!-- org.testngg.TestCases -->
