<?xml version="1.0" encoding="UTF-8"?>
<!-- Generated by org.testng.reporters.JUnitReportReporter -->
<testsuite name="org.dataporv.DProvider" tests="5" time="0.072" ignored="0" failures="0" timestamp="05 Jan 2023 18:11:11 GMT" skipped="0" hostname="Ajith" errors="0">
  <testcase name="DP" time="0.010" classname="org.dataporv.DProvider"/>
  <testcase name="DP" time="0.013" classname="org.dataporv.DProvider"/>
  <testcase name="DP" time="0.019" classname="org.dataporv.DProvider"/>
  <testcase name="DP" time="0.022" classname="org.dataporv.DProvider"/>
  <testcase name="DP" time="0.008" classname="org.dataporv.DProvider"/>
</testsuite> <!-- org.dataporv.DProvider -->
