<?xml version="1.0" encoding="UTF-8"?>
<!-- Generated by org.testng.reporters.JUnitReportReporter -->
<testsuite name="org.dataporv.FinalClass" tests="5" time="209.107" ignored="0" failures="0" timestamp="05 Jan 2023 19:09:26 GMT" skipped="0" hostname="Ajith" errors="0">
  <testcase name="DP" time="49.041" classname="org.dataporv.FinalClass"/>
  <testcase name="DP" time="34.064" classname="org.dataporv.FinalClass"/>
  <testcase name="DP" time="42.110" classname="org.dataporv.FinalClass"/>
  <testcase name="DP" time="40.211" classname="org.dataporv.FinalClass"/>
  <testcase name="DP" time="43.681" classname="org.dataporv.FinalClass"/>
</testsuite> <!-- org.dataporv.FinalClass -->
