<?xml version="1.0" encoding="UTF-8"?>
<!-- Generated by org.testng.reporters.JUnitReportReporter -->
<testsuite name="org.dataporv.DProvider2" tests="5" time="207.539" ignored="0" failures="0" timestamp="05 Jan 2023 18:30:06 GMT" skipped="0" hostname="Ajith" errors="0">
  <testcase name="DP" time="41.411" classname="org.dataporv.DProvider2"/>
  <testcase name="DP" time="26.393" classname="org.dataporv.DProvider2"/>
  <testcase name="DP" time="47.570" classname="org.dataporv.DProvider2"/>
  <testcase name="DP" time="32.690" classname="org.dataporv.DProvider2"/>
  <testcase name="DP" time="59.475" classname="org.dataporv.DProvider2"/>
</testsuite> <!-- org.dataporv.DProvider2 -->
